<?xml version="1.0" encoding="UTF-8"?>
<testng-results skipped="0" failed="0" ignored="0" total="1" passed="1">
  <reporter-output>
  </reporter-output>
  <suite name="Suite" duration-ms="82" started-at="2021-06-10T17:03:44 IST" finished-at="2021-06-10T17:03:44 IST">
    <groups>
    </groups>
    <test name="Test" duration-ms="82" started-at="2021-06-10T17:03:44 IST" finished-at="2021-06-10T17:03:44 IST">
      <class name="TestPackage.FirstMaven">
        <test-method status="PASS" signature="print()[pri:0, instance:TestPackage.FirstMaven@30b8a058]" name="print" duration-ms="16" started-at="2021-06-10T17:03:44 IST" finished-at="2021-06-10T17:03:44 IST">
          <reporter-output>
          </reporter-output>
        </test-method> <!-- print -->
      </class> <!-- TestPackage.FirstMaven -->
    </test> <!-- Test -->
  </suite> <!-- Suite -->
</testng-results>
